<?xml version="1.0" encoding="UTF-8"?>
<testsuite xmlns:xsi="http://www.w3.org/2001/XMLSchema-instance" xsi:noNamespaceSchemaLocation="https://maven.apache.org/surefire/maven-surefire-plugin/xsd/surefire-test-report-3.0.xsd" version="3.0" name="com.guaranius.pooii.jpa.SteamAppApplicationTests" time="7.741" tests="1" errors="0" skipped="0" failures="0">
  <properties>
    <property name="java.specification.version" value="21"/>
    <property name="sun.cpu.isalist" value="amd64"/>
    <property name="sun.jnu.encoding" value="Cp1252"/>
    <property name="java.class.path" value="C:\Users\Gustavo Antonius\Documents\JPA_AppSteam\target\test-classes;C:\Users\Gustavo Antonius\Documents\JPA_AppSteam\target\classes;C:\Users\Gustavo Antonius\.m2\repository\org\springframework\boot\spring-boot-starter-data-jpa\3.3.6\spring-boot-starter-data-jpa-3.3.6.jar;C:\Users\Gustavo Antonius\.m2\repository\org\springframework\boot\spring-boot-starter-aop\3.3.6\spring-boot-starter-aop-3.3.6.jar;C:\Users\Gustavo Antonius\.m2\repository\org\aspectj\aspectjweaver\1.9.22.1\aspectjweaver-1.9.22.1.jar;C:\Users\Gustavo Antonius\.m2\repository\org\springframework\boot\spring-boot-starter-jdbc\3.3.6\spring-boot-starter-jdbc-3.3.6.jar;C:\Users\Gustavo Antonius\.m2\repository\com\zaxxer\HikariCP\5.1.0\HikariCP-5.1.0.jar;C:\Users\Gustavo Antonius\.m2\repository\org\springframework\spring-jdbc\6.1.15\spring-jdbc-6.1.15.jar;C:\Users\Gustavo Antonius\.m2\repository\org\hibernate\orm\hibernate-core\6.5.3.Final\hibernate-core-6.5.3.Final.jar;C:\Users\Gustavo Antonius\.m2\repository\jakarta\persistence\jakarta.persistence-api\3.1.0\jakarta.persistence-api-3.1.0.jar;C:\Users\Gustavo Antonius\.m2\repository\jakarta\transaction\jakarta.transaction-api\2.0.1\jakarta.transaction-api-2.0.1.jar;C:\Users\Gustavo Antonius\.m2\repository\org\jboss\logging\jboss-logging\3.5.3.Final\jboss-logging-3.5.3.Final.jar;C:\Users\Gustavo Antonius\.m2\repository\org\hibernate\common\hibernate-commons-annotations\6.0.6.Final\hibernate-commons-annotations-6.0.6.Final.jar;C:\Users\Gustavo Antonius\.m2\repository\io\smallrye\jandex\3.1.2\jandex-3.1.2.jar;C:\Users\Gustavo Antonius\.m2\repository\com\fasterxml\classmate\1.7.0\classmate-1.7.0.jar;C:\Users\Gustavo Antonius\.m2\repository\net\bytebuddy\byte-buddy\1.14.19\byte-buddy-1.14.19.jar;C:\Users\Gustavo Antonius\.m2\repository\org\glassfish\jaxb\jaxb-runtime\4.0.5\jaxb-runtime-4.0.5.jar;C:\Users\Gustavo Antonius\.m2\repository\org\glassfish\jaxb\jaxb-core\4.0.5\jaxb-core-4.0.5.jar;C:\Users\Gustavo Antonius\.m2\repository\org\eclipse\angus\angus-activation\2.0.2\angus-activation-2.0.2.jar;C:\Users\Gustavo Antonius\.m2\repository\org\glassfish\jaxb\txw2\4.0.5\txw2-4.0.5.jar;C:\Users\Gustavo Antonius\.m2\repository\com\sun\istack\istack-commons-runtime\4.1.2\istack-commons-runtime-4.1.2.jar;C:\Users\Gustavo Antonius\.m2\repository\jakarta\inject\jakarta.inject-api\2.0.1\jakarta.inject-api-2.0.1.jar;C:\Users\Gustavo Antonius\.m2\repository\org\antlr\antlr4-runtime\4.13.0\antlr4-runtime-4.13.0.jar;C:\Users\Gustavo Antonius\.m2\repository\org\springframework\data\spring-data-jpa\3.3.6\spring-data-jpa-3.3.6.jar;C:\Users\Gustavo Antonius\.m2\repository\org\springframework\data\spring-data-commons\3.3.6\spring-data-commons-3.3.6.jar;C:\Users\Gustavo Antonius\.m2\repository\org\springframework\spring-orm\6.1.15\spring-orm-6.1.15.jar;C:\Users\Gustavo Antonius\.m2\repository\org\springframework\spring-context\6.1.15\spring-context-6.1.15.jar;C:\Users\Gustavo Antonius\.m2\repository\org\springframework\spring-tx\6.1.15\spring-tx-6.1.15.jar;C:\Users\Gustavo Antonius\.m2\repository\org\springframework\spring-beans\6.1.15\spring-beans-6.1.15.jar;C:\Users\Gustavo Antonius\.m2\repository\jakarta\annotation\jakarta.annotation-api\2.1.1\jakarta.annotation-api-2.1.1.jar;C:\Users\Gustavo Antonius\.m2\repository\org\slf4j\slf4j-api\2.0.16\slf4j-api-2.0.16.jar;C:\Users\Gustavo Antonius\.m2\repository\org\springframework\spring-aspects\6.1.15\spring-aspects-6.1.15.jar;C:\Users\Gustavo Antonius\.m2\repository\org\springframework\boot\spring-boot-starter-web\3.3.6\spring-boot-starter-web-3.3.6.jar;C:\Users\Gustavo Antonius\.m2\repository\org\springframework\boot\spring-boot-starter\3.3.6\spring-boot-starter-3.3.6.jar;C:\Users\Gustavo Antonius\.m2\repository\org\springframework\boot\spring-boot\3.3.6\spring-boot-3.3.6.jar;C:\Users\Gustavo Antonius\.m2\repository\org\springframework\boot\spring-boot-autoconfigure\3.3.6\spring-boot-autoconfigure-3.3.6.jar;C:\Users\Gustavo Antonius\.m2\repository\org\springframework\boot\spring-boot-starter-logging\3.3.6\spring-boot-starter-logging-3.3.6.jar;C:\Users\Gustavo Antonius\.m2\repository\ch\qos\logback\logback-classic\1.5.12\logback-classic-1.5.12.jar;C:\Users\Gustavo Antonius\.m2\repository\ch\qos\logback\logback-core\1.5.12\logback-core-1.5.12.jar;C:\Users\Gustavo Antonius\.m2\repository\org\apache\logging\log4j\log4j-to-slf4j\2.23.1\log4j-to-slf4j-2.23.1.jar;C:\Users\Gustavo Antonius\.m2\repository\org\apache\logging\log4j\log4j-api\2.23.1\log4j-api-2.23.1.jar;C:\Users\Gustavo Antonius\.m2\repository\org\slf4j\jul-to-slf4j\2.0.16\jul-to-slf4j-2.0.16.jar;C:\Users\Gustavo Antonius\.m2\repository\org\yaml\snakeyaml\2.2\snakeyaml-2.2.jar;C:\Users\Gustavo Antonius\.m2\repository\org\springframework\boot\spring-boot-starter-json\3.3.6\spring-boot-starter-json-3.3.6.jar;C:\Users\Gustavo Antonius\.m2\repository\com\fasterxml\jackson\core\jackson-databind\2.17.3\jackson-databind-2.17.3.jar;C:\Users\Gustavo Antonius\.m2\repository\com\fasterxml\jackson\core\jackson-annotations\2.17.3\jackson-annotations-2.17.3.jar;C:\Users\Gustavo Antonius\.m2\repository\com\fasterxml\jackson\core\jackson-core\2.17.3\jackson-core-2.17.3.jar;C:\Users\Gustavo Antonius\.m2\repository\com\fasterxml\jackson\datatype\jackson-datatype-jdk8\2.17.3\jackson-datatype-jdk8-2.17.3.jar;C:\Users\Gustavo Antonius\.m2\repository\com\fasterxml\jackson\datatype\jackson-datatype-jsr310\2.17.3\jackson-datatype-jsr310-2.17.3.jar;C:\Users\Gustavo Antonius\.m2\repository\com\fasterxml\jackson\module\jackson-module-parameter-names\2.17.3\jackson-module-parameter-names-2.17.3.jar;C:\Users\Gustavo Antonius\.m2\repository\org\springframework\boot\spring-boot-starter-tomcat\3.3.6\spring-boot-starter-tomcat-3.3.6.jar;C:\Users\Gustavo Antonius\.m2\repository\org\apache\tomcat\embed\tomcat-embed-core\10.1.33\tomcat-embed-core-10.1.33.jar;C:\Users\Gustavo Antonius\.m2\repository\org\apache\tomcat\embed\tomcat-embed-el\10.1.33\tomcat-embed-el-10.1.33.jar;C:\Users\Gustavo Antonius\.m2\repository\org\apache\tomcat\embed\tomcat-embed-websocket\10.1.33\tomcat-embed-websocket-10.1.33.jar;C:\Users\Gustavo Antonius\.m2\repository\org\springframework\spring-web\6.1.15\spring-web-6.1.15.jar;C:\Users\Gustavo Antonius\.m2\repository\io\micrometer\micrometer-observation\1.13.8\micrometer-observation-1.13.8.jar;C:\Users\Gustavo Antonius\.m2\repository\io\micrometer\micrometer-commons\1.13.8\micrometer-commons-1.13.8.jar;C:\Users\Gustavo Antonius\.m2\repository\org\springframework\spring-webmvc\6.1.15\spring-webmvc-6.1.15.jar;C:\Users\Gustavo Antonius\.m2\repository\org\springframework\spring-expression\6.1.15\spring-expression-6.1.15.jar;C:\Users\Gustavo Antonius\.m2\repository\com\mysql\mysql-connector-j\8.3.0\mysql-connector-j-8.3.0.jar;C:\Users\Gustavo Antonius\.m2\repository\org\projectlombok\lombok\1.18.36\lombok-1.18.36.jar;C:\Users\Gustavo Antonius\.m2\repository\org\springframework\boot\spring-boot-starter-test\3.3.6\spring-boot-starter-test-3.3.6.jar;C:\Users\Gustavo Antonius\.m2\repository\org\springframework\boot\spring-boot-test\3.3.6\spring-boot-test-3.3.6.jar;C:\Users\Gustavo Antonius\.m2\repository\org\springframework\boot\spring-boot-test-autoconfigure\3.3.6\spring-boot-test-autoconfigure-3.3.6.jar;C:\Users\Gustavo Antonius\.m2\repository\com\jayway\jsonpath\json-path\2.9.0\json-path-2.9.0.jar;C:\Users\Gustavo Antonius\.m2\repository\jakarta\xml\bind\jakarta.xml.bind-api\4.0.2\jakarta.xml.bind-api-4.0.2.jar;C:\Users\Gustavo Antonius\.m2\repository\jakarta\activation\jakarta.activation-api\2.1.3\jakarta.activation-api-2.1.3.jar;C:\Users\Gustavo Antonius\.m2\repository\net\minidev\json-smart\2.5.1\json-smart-2.5.1.jar;C:\Users\Gustavo Antonius\.m2\repository\net\minidev\accessors-smart\2.5.1\accessors-smart-2.5.1.jar;C:\Users\Gustavo Antonius\.m2\repository\org\ow2\asm\asm\9.6\asm-9.6.jar;C:\Users\Gustavo Antonius\.m2\repository\org\assertj\assertj-core\3.25.3\assertj-core-3.25.3.jar;C:\Users\Gustavo Antonius\.m2\repository\org\awaitility\awaitility\4.2.2\awaitility-4.2.2.jar;C:\Users\Gustavo Antonius\.m2\repository\org\hamcrest\hamcrest\2.2\hamcrest-2.2.jar;C:\Users\Gustavo Antonius\.m2\repository\org\junit\jupiter\junit-jupiter\5.10.5\junit-jupiter-5.10.5.jar;C:\Users\Gustavo Antonius\.m2\repository\org\junit\jupiter\junit-jupiter-api\5.10.5\junit-jupiter-api-5.10.5.jar;C:\Users\Gustavo Antonius\.m2\repository\org\opentest4j\opentest4j\1.3.0\opentest4j-1.3.0.jar;C:\Users\Gustavo Antonius\.m2\repository\org\junit\platform\junit-platform-commons\1.10.5\junit-platform-commons-1.10.5.jar;C:\Users\Gustavo Antonius\.m2\repository\org\apiguardian\apiguardian-api\1.1.2\apiguardian-api-1.1.2.jar;C:\Users\Gustavo Antonius\.m2\repository\org\junit\jupiter\junit-jupiter-params\5.10.5\junit-jupiter-params-5.10.5.jar;C:\Users\Gustavo Antonius\.m2\repository\org\junit\jupiter\junit-jupiter-engine\5.10.5\junit-jupiter-engine-5.10.5.jar;C:\Users\Gustavo Antonius\.m2\repository\org\junit\platform\junit-platform-engine\1.10.5\junit-platform-engine-1.10.5.jar;C:\Users\Gustavo Antonius\.m2\repository\org\mockito\mockito-core\5.11.0\mockito-core-5.11.0.jar;C:\Users\Gustavo Antonius\.m2\repository\net\bytebuddy\byte-buddy-agent\1.14.19\byte-buddy-agent-1.14.19.jar;C:\Users\Gustavo Antonius\.m2\repository\org\objenesis\objenesis\3.3\objenesis-3.3.jar;C:\Users\Gustavo Antonius\.m2\repository\org\mockito\mockito-junit-jupiter\5.11.0\mockito-junit-jupiter-5.11.0.jar;C:\Users\Gustavo Antonius\.m2\repository\org\skyscreamer\jsonassert\1.5.3\jsonassert-1.5.3.jar;C:\Users\Gustavo Antonius\.m2\repository\com\vaadin\external\google\android-json\0.0.20131108.vaadin1\android-json-0.0.20131108.vaadin1.jar;C:\Users\Gustavo Antonius\.m2\repository\org\springframework\spring-core\6.1.15\spring-core-6.1.15.jar;C:\Users\Gustavo Antonius\.m2\repository\org\springframework\spring-jcl\6.1.15\spring-jcl-6.1.15.jar;C:\Users\Gustavo Antonius\.m2\repository\org\springframework\spring-test\6.1.15\spring-test-6.1.15.jar;C:\Users\Gustavo Antonius\.m2\repository\org\xmlunit\xmlunit-core\2.9.1\xmlunit-core-2.9.1.jar;C:\Users\Gustavo Antonius\.m2\repository\org\springframework\boot\spring-boot-starter-security\3.3.6\spring-boot-starter-security-3.3.6.jar;C:\Users\Gustavo Antonius\.m2\repository\org\springframework\spring-aop\6.1.15\spring-aop-6.1.15.jar;C:\Users\Gustavo Antonius\.m2\repository\org\springframework\security\spring-security-config\6.3.5\spring-security-config-6.3.5.jar;C:\Users\Gustavo Antonius\.m2\repository\org\springframework\security\spring-security-core\6.3.5\spring-security-core-6.3.5.jar;C:\Users\Gustavo Antonius\.m2\repository\org\springframework\security\spring-security-crypto\6.3.5\spring-security-crypto-6.3.5.jar;C:\Users\Gustavo Antonius\.m2\repository\org\springframework\security\spring-security-web\6.3.5\spring-security-web-6.3.5.jar;C:\Users\Gustavo Antonius\.m2\repository\org\springframework\boot\spring-boot-starter-thymeleaf\3.3.6\spring-boot-starter-thymeleaf-3.3.6.jar;C:\Users\Gustavo Antonius\.m2\repository\org\thymeleaf\thymeleaf-spring6\3.1.2.RELEASE\thymeleaf-spring6-3.1.2.RELEASE.jar;C:\Users\Gustavo Antonius\.m2\repository\org\thymeleaf\thymeleaf\3.1.2.RELEASE\thymeleaf-3.1.2.RELEASE.jar;C:\Users\Gustavo Antonius\.m2\repository\org\attoparser\attoparser\2.0.7.RELEASE\attoparser-2.0.7.RELEASE.jar;C:\Users\Gustavo Antonius\.m2\repository\org\unbescape\unbescape\1.1.6.RELEASE\unbescape-1.1.6.RELEASE.jar;"/>
    <property name="java.vm.vendor" value="Oracle Corporation"/>
    <property name="sun.arch.data.model" value="64"/>
    <property name="user.variant" value=""/>
    <property name="java.vendor.url" value="https://java.oracle.com/"/>
    <property name="user.timezone" value="America/Sao_Paulo"/>
    <property name="org.jboss.logging.provider" value="slf4j"/>
    <property name="os.name" value="Windows 11"/>
    <property name="java.vm.specification.version" value="21"/>
    <property name="sun.java.launcher" value="SUN_STANDARD"/>
    <property name="user.country" value="BR"/>
    <property name="sun.boot.library.path" value="C:\Program Files\JAVA\jdk-21.0.4\bin"/>
    <property name="sun.java.command" value="C:\Users\Gustavo Antonius\AppData\Local\Temp\surefire7108443637638800547\surefirebooter-20241126072844353_3.jar C:\Users\Gustavo Antonius\AppData\Local\Temp\surefire7108443637638800547 2024-11-26T07-28-42_712-jvmRun1 surefire-20241126072844353_1tmp surefire_0-20241126072844353_2tmp"/>
    <property name="jdk.debug" value="release"/>
    <property name="surefire.test.class.path" value="C:\Users\Gustavo Antonius\Documents\JPA_AppSteam\target\test-classes;C:\Users\Gustavo Antonius\Documents\JPA_AppSteam\target\classes;C:\Users\Gustavo Antonius\.m2\repository\org\springframework\boot\spring-boot-starter-data-jpa\3.3.6\spring-boot-starter-data-jpa-3.3.6.jar;C:\Users\Gustavo Antonius\.m2\repository\org\springframework\boot\spring-boot-starter-aop\3.3.6\spring-boot-starter-aop-3.3.6.jar;C:\Users\Gustavo Antonius\.m2\repository\org\aspectj\aspectjweaver\1.9.22.1\aspectjweaver-1.9.22.1.jar;C:\Users\Gustavo Antonius\.m2\repository\org\springframework\boot\spring-boot-starter-jdbc\3.3.6\spring-boot-starter-jdbc-3.3.6.jar;C:\Users\Gustavo Antonius\.m2\repository\com\zaxxer\HikariCP\5.1.0\HikariCP-5.1.0.jar;C:\Users\Gustavo Antonius\.m2\repository\org\springframework\spring-jdbc\6.1.15\spring-jdbc-6.1.15.jar;C:\Users\Gustavo Antonius\.m2\repository\org\hibernate\orm\hibernate-core\6.5.3.Final\hibernate-core-6.5.3.Final.jar;C:\Users\Gustavo Antonius\.m2\repository\jakarta\persistence\jakarta.persistence-api\3.1.0\jakarta.persistence-api-3.1.0.jar;C:\Users\Gustavo Antonius\.m2\repository\jakarta\transaction\jakarta.transaction-api\2.0.1\jakarta.transaction-api-2.0.1.jar;C:\Users\Gustavo Antonius\.m2\repository\org\jboss\logging\jboss-logging\3.5.3.Final\jboss-logging-3.5.3.Final.jar;C:\Users\Gustavo Antonius\.m2\repository\org\hibernate\common\hibernate-commons-annotations\6.0.6.Final\hibernate-commons-annotations-6.0.6.Final.jar;C:\Users\Gustavo Antonius\.m2\repository\io\smallrye\jandex\3.1.2\jandex-3.1.2.jar;C:\Users\Gustavo Antonius\.m2\repository\com\fasterxml\classmate\1.7.0\classmate-1.7.0.jar;C:\Users\Gustavo Antonius\.m2\repository\net\bytebuddy\byte-buddy\1.14.19\byte-buddy-1.14.19.jar;C:\Users\Gustavo Antonius\.m2\repository\org\glassfish\jaxb\jaxb-runtime\4.0.5\jaxb-runtime-4.0.5.jar;C:\Users\Gustavo Antonius\.m2\repository\org\glassfish\jaxb\jaxb-core\4.0.5\jaxb-core-4.0.5.jar;C:\Users\Gustavo Antonius\.m2\repository\org\eclipse\angus\angus-activation\2.0.2\angus-activation-2.0.2.jar;C:\Users\Gustavo Antonius\.m2\repository\org\glassfish\jaxb\txw2\4.0.5\txw2-4.0.5.jar;C:\Users\Gustavo Antonius\.m2\repository\com\sun\istack\istack-commons-runtime\4.1.2\istack-commons-runtime-4.1.2.jar;C:\Users\Gustavo Antonius\.m2\repository\jakarta\inject\jakarta.inject-api\2.0.1\jakarta.inject-api-2.0.1.jar;C:\Users\Gustavo Antonius\.m2\repository\org\antlr\antlr4-runtime\4.13.0\antlr4-runtime-4.13.0.jar;C:\Users\Gustavo Antonius\.m2\repository\org\springframework\data\spring-data-jpa\3.3.6\spring-data-jpa-3.3.6.jar;C:\Users\Gustavo Antonius\.m2\repository\org\springframework\data\spring-data-commons\3.3.6\spring-data-commons-3.3.6.jar;C:\Users\Gustavo Antonius\.m2\repository\org\springframework\spring-orm\6.1.15\spring-orm-6.1.15.jar;C:\Users\Gustavo Antonius\.m2\repository\org\springframework\spring-context\6.1.15\spring-context-6.1.15.jar;C:\Users\Gustavo Antonius\.m2\repository\org\springframework\spring-tx\6.1.15\spring-tx-6.1.15.jar;C:\Users\Gustavo Antonius\.m2\repository\org\springframework\spring-beans\6.1.15\spring-beans-6.1.15.jar;C:\Users\Gustavo Antonius\.m2\repository\jakarta\annotation\jakarta.annotation-api\2.1.1\jakarta.annotation-api-2.1.1.jar;C:\Users\Gustavo Antonius\.m2\repository\org\slf4j\slf4j-api\2.0.16\slf4j-api-2.0.16.jar;C:\Users\Gustavo Antonius\.m2\repository\org\springframework\spring-aspects\6.1.15\spring-aspects-6.1.15.jar;C:\Users\Gustavo Antonius\.m2\repository\org\springframework\boot\spring-boot-starter-web\3.3.6\spring-boot-starter-web-3.3.6.jar;C:\Users\Gustavo Antonius\.m2\repository\org\springframework\boot\spring-boot-starter\3.3.6\spring-boot-starter-3.3.6.jar;C:\Users\Gustavo Antonius\.m2\repository\org\springframework\boot\spring-boot\3.3.6\spring-boot-3.3.6.jar;C:\Users\Gustavo Antonius\.m2\repository\org\springframework\boot\spring-boot-autoconfigure\3.3.6\spring-boot-autoconfigure-3.3.6.jar;C:\Users\Gustavo Antonius\.m2\repository\org\springframework\boot\spring-boot-starter-logging\3.3.6\spring-boot-starter-logging-3.3.6.jar;C:\Users\Gustavo Antonius\.m2\repository\ch\qos\logback\logback-classic\1.5.12\logback-classic-1.5.12.jar;C:\Users\Gustavo Antonius\.m2\repository\ch\qos\logback\logback-core\1.5.12\logback-core-1.5.12.jar;C:\Users\Gustavo Antonius\.m2\repository\org\apache\logging\log4j\log4j-to-slf4j\2.23.1\log4j-to-slf4j-2.23.1.jar;C:\Users\Gustavo Antonius\.m2\repository\org\apache\logging\log4j\log4j-api\2.23.1\log4j-api-2.23.1.jar;C:\Users\Gustavo Antonius\.m2\repository\org\slf4j\jul-to-slf4j\2.0.16\jul-to-slf4j-2.0.16.jar;C:\Users\Gustavo Antonius\.m2\repository\org\yaml\snakeyaml\2.2\snakeyaml-2.2.jar;C:\Users\Gustavo Antonius\.m2\repository\org\springframework\boot\spring-boot-starter-json\3.3.6\spring-boot-starter-json-3.3.6.jar;C:\Users\Gustavo Antonius\.m2\repository\com\fasterxml\jackson\core\jackson-databind\2.17.3\jackson-databind-2.17.3.jar;C:\Users\Gustavo Antonius\.m2\repository\com\fasterxml\jackson\core\jackson-annotations\2.17.3\jackson-annotations-2.17.3.jar;C:\Users\Gustavo Antonius\.m2\repository\com\fasterxml\jackson\core\jackson-core\2.17.3\jackson-core-2.17.3.jar;C:\Users\Gustavo Antonius\.m2\repository\com\fasterxml\jackson\datatype\jackson-datatype-jdk8\2.17.3\jackson-datatype-jdk8-2.17.3.jar;C:\Users\Gustavo Antonius\.m2\repository\com\fasterxml\jackson\datatype\jackson-datatype-jsr310\2.17.3\jackson-datatype-jsr310-2.17.3.jar;C:\Users\Gustavo Antonius\.m2\repository\com\fasterxml\jackson\module\jackson-module-parameter-names\2.17.3\jackson-module-parameter-names-2.17.3.jar;C:\Users\Gustavo Antonius\.m2\repository\org\springframework\boot\spring-boot-starter-tomcat\3.3.6\spring-boot-starter-tomcat-3.3.6.jar;C:\Users\Gustavo Antonius\.m2\repository\org\apache\tomcat\embed\tomcat-embed-core\10.1.33\tomcat-embed-core-10.1.33.jar;C:\Users\Gustavo Antonius\.m2\repository\org\apache\tomcat\embed\tomcat-embed-el\10.1.33\tomcat-embed-el-10.1.33.jar;C:\Users\Gustavo Antonius\.m2\repository\org\apache\tomcat\embed\tomcat-embed-websocket\10.1.33\tomcat-embed-websocket-10.1.33.jar;C:\Users\Gustavo Antonius\.m2\repository\org\springframework\spring-web\6.1.15\spring-web-6.1.15.jar;C:\Users\Gustavo Antonius\.m2\repository\io\micrometer\micrometer-observation\1.13.8\micrometer-observation-1.13.8.jar;C:\Users\Gustavo Antonius\.m2\repository\io\micrometer\micrometer-commons\1.13.8\micrometer-commons-1.13.8.jar;C:\Users\Gustavo Antonius\.m2\repository\org\springframework\spring-webmvc\6.1.15\spring-webmvc-6.1.15.jar;C:\Users\Gustavo Antonius\.m2\repository\org\springframework\spring-expression\6.1.15\spring-expression-6.1.15.jar;C:\Users\Gustavo Antonius\.m2\repository\com\mysql\mysql-connector-j\8.3.0\mysql-connector-j-8.3.0.jar;C:\Users\Gustavo Antonius\.m2\repository\org\projectlombok\lombok\1.18.36\lombok-1.18.36.jar;C:\Users\Gustavo Antonius\.m2\repository\org\springframework\boot\spring-boot-starter-test\3.3.6\spring-boot-starter-test-3.3.6.jar;C:\Users\Gustavo Antonius\.m2\repository\org\springframework\boot\spring-boot-test\3.3.6\spring-boot-test-3.3.6.jar;C:\Users\Gustavo Antonius\.m2\repository\org\springframework\boot\spring-boot-test-autoconfigure\3.3.6\spring-boot-test-autoconfigure-3.3.6.jar;C:\Users\Gustavo Antonius\.m2\repository\com\jayway\jsonpath\json-path\2.9.0\json-path-2.9.0.jar;C:\Users\Gustavo Antonius\.m2\repository\jakarta\xml\bind\jakarta.xml.bind-api\4.0.2\jakarta.xml.bind-api-4.0.2.jar;C:\Users\Gustavo Antonius\.m2\repository\jakarta\activation\jakarta.activation-api\2.1.3\jakarta.activation-api-2.1.3.jar;C:\Users\Gustavo Antonius\.m2\repository\net\minidev\json-smart\2.5.1\json-smart-2.5.1.jar;C:\Users\Gustavo Antonius\.m2\repository\net\minidev\accessors-smart\2.5.1\accessors-smart-2.5.1.jar;C:\Users\Gustavo Antonius\.m2\repository\org\ow2\asm\asm\9.6\asm-9.6.jar;C:\Users\Gustavo Antonius\.m2\repository\org\assertj\assertj-core\3.25.3\assertj-core-3.25.3.jar;C:\Users\Gustavo Antonius\.m2\repository\org\awaitility\awaitility\4.2.2\awaitility-4.2.2.jar;C:\Users\Gustavo Antonius\.m2\repository\org\hamcrest\hamcrest\2.2\hamcrest-2.2.jar;C:\Users\Gustavo Antonius\.m2\repository\org\junit\jupiter\junit-jupiter\5.10.5\junit-jupiter-5.10.5.jar;C:\Users\Gustavo Antonius\.m2\repository\org\junit\jupiter\junit-jupiter-api\5.10.5\junit-jupiter-api-5.10.5.jar;C:\Users\Gustavo Antonius\.m2\repository\org\opentest4j\opentest4j\1.3.0\opentest4j-1.3.0.jar;C:\Users\Gustavo Antonius\.m2\repository\org\junit\platform\junit-platform-commons\1.10.5\junit-platform-commons-1.10.5.jar;C:\Users\Gustavo Antonius\.m2\repository\org\apiguardian\apiguardian-api\1.1.2\apiguardian-api-1.1.2.jar;C:\Users\Gustavo Antonius\.m2\repository\org\junit\jupiter\junit-jupiter-params\5.10.5\junit-jupiter-params-5.10.5.jar;C:\Users\Gustavo Antonius\.m2\repository\org\junit\jupiter\junit-jupiter-engine\5.10.5\junit-jupiter-engine-5.10.5.jar;C:\Users\Gustavo Antonius\.m2\repository\org\junit\platform\junit-platform-engine\1.10.5\junit-platform-engine-1.10.5.jar;C:\Users\Gustavo Antonius\.m2\repository\org\mockito\mockito-core\5.11.0\mockito-core-5.11.0.jar;C:\Users\Gustavo Antonius\.m2\repository\net\bytebuddy\byte-buddy-agent\1.14.19\byte-buddy-agent-1.14.19.jar;C:\Users\Gustavo Antonius\.m2\repository\org\objenesis\objenesis\3.3\objenesis-3.3.jar;C:\Users\Gustavo Antonius\.m2\repository\org\mockito\mockito-junit-jupiter\5.11.0\mockito-junit-jupiter-5.11.0.jar;C:\Users\Gustavo Antonius\.m2\repository\org\skyscreamer\jsonassert\1.5.3\jsonassert-1.5.3.jar;C:\Users\Gustavo Antonius\.m2\repository\com\vaadin\external\google\android-json\0.0.20131108.vaadin1\android-json-0.0.20131108.vaadin1.jar;C:\Users\Gustavo Antonius\.m2\repository\org\springframework\spring-core\6.1.15\spring-core-6.1.15.jar;C:\Users\Gustavo Antonius\.m2\repository\org\springframework\spring-jcl\6.1.15\spring-jcl-6.1.15.jar;C:\Users\Gustavo Antonius\.m2\repository\org\springframework\spring-test\6.1.15\spring-test-6.1.15.jar;C:\Users\Gustavo Antonius\.m2\repository\org\xmlunit\xmlunit-core\2.9.1\xmlunit-core-2.9.1.jar;C:\Users\Gustavo Antonius\.m2\repository\org\springframework\boot\spring-boot-starter-security\3.3.6\spring-boot-starter-security-3.3.6.jar;C:\Users\Gustavo Antonius\.m2\repository\org\springframework\spring-aop\6.1.15\spring-aop-6.1.15.jar;C:\Users\Gustavo Antonius\.m2\repository\org\springframework\security\spring-security-config\6.3.5\spring-security-config-6.3.5.jar;C:\Users\Gustavo Antonius\.m2\repository\org\springframework\security\spring-security-core\6.3.5\spring-security-core-6.3.5.jar;C:\Users\Gustavo Antonius\.m2\repository\org\springframework\security\spring-security-crypto\6.3.5\spring-security-crypto-6.3.5.jar;C:\Users\Gustavo Antonius\.m2\repository\org\springframework\security\spring-security-web\6.3.5\spring-security-web-6.3.5.jar;C:\Users\Gustavo Antonius\.m2\repository\org\springframework\boot\spring-boot-starter-thymeleaf\3.3.6\spring-boot-starter-thymeleaf-3.3.6.jar;C:\Users\Gustavo Antonius\.m2\repository\org\thymeleaf\thymeleaf-spring6\3.1.2.RELEASE\thymeleaf-spring6-3.1.2.RELEASE.jar;C:\Users\Gustavo Antonius\.m2\repository\org\thymeleaf\thymeleaf\3.1.2.RELEASE\thymeleaf-3.1.2.RELEASE.jar;C:\Users\Gustavo Antonius\.m2\repository\org\attoparser\attoparser\2.0.7.RELEASE\attoparser-2.0.7.RELEASE.jar;C:\Users\Gustavo Antonius\.m2\repository\org\unbescape\unbescape\1.1.6.RELEASE\unbescape-1.1.6.RELEASE.jar;"/>
    <property name="sun.cpu.endian" value="little"/>
    <property name="user.home" value="C:\Users\Gustavo Antonius"/>
    <property name="user.language" value="pt"/>
    <property name="java.specification.vendor" value="Oracle Corporation"/>
    <property name="java.version.date" value="2024-07-16"/>
    <property name="java.home" value="C:\Program Files\JAVA\jdk-21.0.4"/>
    <property name="file.separator" value="\"/>
    <property name="basedir" value="C:\Users\Gustavo Antonius\Documents\JPA_AppSteam"/>
    <property name="java.vm.compressedOopsMode" value="32-bit"/>
    <property name="line.separator" value="&#10;"/>
    <property name="java.vm.specification.vendor" value="Oracle Corporation"/>
    <property name="java.specification.name" value="Java Platform API Specification"/>
    <property name="FILE_LOG_CHARSET" value="UTF-8"/>
    <property name="java.awt.headless" value="true"/>
    <property name="surefire.real.class.path" value="C:\Users\Gustavo Antonius\AppData\Local\Temp\surefire7108443637638800547\surefirebooter-20241126072844353_3.jar"/>
    <property name="user.script" value=""/>
    <property name="sun.management.compiler" value="HotSpot 64-Bit Tiered Compilers"/>
    <property name="java.runtime.version" value="21.0.4+8-LTS-274"/>
    <property name="user.name" value="Gustavo Antonius"/>
    <property name="stdout.encoding" value="Cp1252"/>
    <property name="path.separator" value=";"/>
    <property name="os.version" value="10.0"/>
    <property name="java.runtime.name" value="Java(TM) SE Runtime Environment"/>
    <property name="file.encoding" value="UTF-8"/>
    <property name="java.vm.name" value="Java HotSpot(TM) 64-Bit Server VM"/>
    <property name="localRepository" value="C:\Users\Gustavo Antonius\.m2\repository"/>
    <property name="java.vendor.url.bug" value="https://bugreport.java.com/bugreport/"/>
    <property name="java.io.tmpdir" value="C:\Users\GUSTAV~1\AppData\Local\Temp\"/>
    <property name="com.zaxxer.hikari.pool_number" value="1"/>
    <property name="java.version" value="21.0.4"/>
    <property name="user.dir" value="C:\Users\Gustavo Antonius\Documents\JPA_AppSteam"/>
    <property name="os.arch" value="amd64"/>
    <property name="java.vm.specification.name" value="Java Virtual Machine Specification"/>
    <property name="PID" value="18868"/>
    <property name="sun.os.patch.level" value=""/>
    <property name="CONSOLE_LOG_CHARSET" value="UTF-8"/>
    <property name="native.encoding" value="Cp1252"/>
    <property name="java.library.path" value="C:\Program Files\JAVA\jdk-21.0.4\bin;C:\Windows\Sun\Java\bin;C:\Windows\system32;C:\Windows;C:\Program Files\Common Files\Oracle\Java\javapath;C:\Windows\system32;C:\Windows;C:\Windows\System32\Wbem;C:\Windows\System32\WindowsPowerShell\v1.0\;C:\Windows\System32\OpenSSH\;C:\Program Files\Systextil\Programas\Oracle;C:\Program Files\ANT\apache-ant-1.9.16\bin;C:\Program Files\JAVA\jdk-21.0.4\bin;C:\Program Files\MAVEN\apache-maven-3.9.9\bin;C:\Program Files\Git\cmd;C:\Program Files\Meld\;C:\Program Files\nodejs\;C:\Users\Gustavo Antonius\AppData\Local\Microsoft\WindowsApps;C:\Program Files\MAVEN\apache-maven-3.9.9\bin;C:\Program Files\JAVA\jdk-21.0.4\bin;C:\Program Files\ANT\apache-ant-1.9.16\bin;C:\Users\Gustavo Antonius\AppData\Local\Programs\Microsoft VS Code\bin;C:\Users\Gustavo Antonius\AppData\Roaming\npm;."/>
    <property name="java.vm.info" value="mixed mode, sharing"/>
    <property name="stderr.encoding" value="Cp1252"/>
    <property name="java.vendor" value="Oracle Corporation"/>
    <property name="java.vm.version" value="21.0.4+8-LTS-274"/>
    <property name="sun.io.unicode.encoding" value="UnicodeLittle"/>
    <property name="java.class.version" value="65.0"/>
    <property name="LOGGED_APPLICATION_NAME" value="[AppSteam] "/>
  </properties>
  <testcase name="contextLoads" classname="com.guaranius.pooii.jpa.SteamAppApplicationTests" time="0.4">
    <system-out><![CDATA[07:28:45.137 [main] INFO org.springframework.test.context.support.AnnotationConfigContextLoaderUtils -- Could not detect default configuration classes for test class [com.guaranius.pooii.jpa.SteamAppApplicationTests]: SteamAppApplicationTests does not declare any static, non-private, non-final, nested classes annotated with @Configuration.
07:28:45.288 [main] INFO org.springframework.boot.test.context.SpringBootTestContextBootstrapper -- Found @SpringBootConfiguration com.guaranius.pooii.jpa.SteamAppApplication for test class com.guaranius.pooii.jpa.SteamAppApplicationTests

  .   ____          _            __ _ _
 /\\ / ___'_ __ _ _(_)_ __  __ _ \ \ \ \
( ( )\___ | '_ | '_| | '_ \/ _` | \ \ \ \
 \\/  ___)| |_)| | | | | || (_| |  ) ) ) )
  '  |____| .__|_| |_|_| |_\__, | / / / /
 =========|_|==============|___/=/_/_/_/

 :: Spring Boot ::                (v3.3.6)

2024-11-26T07:28:45.789-03:00  INFO 18868 --- [AppSteam] [           main] c.g.pooii.jpa.SteamAppApplicationTests   : Starting SteamAppApplicationTests using Java 21.0.4 with PID 18868 (started by Gustavo Antonius in C:\Users\Gustavo Antonius\Documents\JPA_AppSteam)
2024-11-26T07:28:45.791-03:00  INFO 18868 --- [AppSteam] [           main] c.g.pooii.jpa.SteamAppApplicationTests   : No active profile set, falling back to 1 default profile: "default"
2024-11-26T07:28:46.730-03:00  INFO 18868 --- [AppSteam] [           main] .s.d.r.c.RepositoryConfigurationDelegate : Bootstrapping Spring Data JPA repositories in DEFAULT mode.
2024-11-26T07:28:46.817-03:00  INFO 18868 --- [AppSteam] [           main] .s.d.r.c.RepositoryConfigurationDelegate : Finished Spring Data repository scanning in 75 ms. Found 6 JPA repository interfaces.
2024-11-26T07:28:47.539-03:00  INFO 18868 --- [AppSteam] [           main] o.hibernate.jpa.internal.util.LogHelper  : HHH000204: Processing PersistenceUnitInfo [name: default]
2024-11-26T07:28:47.648-03:00  INFO 18868 --- [AppSteam] [           main] org.hibernate.Version                    : HHH000412: Hibernate ORM core version 6.5.3.Final
2024-11-26T07:28:47.684-03:00  INFO 18868 --- [AppSteam] [           main] o.h.c.internal.RegionFactoryInitiator    : HHH000026: Second-level cache disabled
2024-11-26T07:28:48.166-03:00  INFO 18868 --- [AppSteam] [           main] o.s.o.j.p.SpringPersistenceUnitInfo      : No LoadTimeWeaver setup: ignoring JPA class transformer
2024-11-26T07:28:48.198-03:00  INFO 18868 --- [AppSteam] [           main] com.zaxxer.hikari.HikariDataSource       : HikariPool-1 - Starting...
2024-11-26T07:28:48.572-03:00  INFO 18868 --- [AppSteam] [           main] com.zaxxer.hikari.pool.HikariPool        : HikariPool-1 - Added connection com.mysql.cj.jdbc.ConnectionImpl@18faaff6
2024-11-26T07:28:48.572-03:00  INFO 18868 --- [AppSteam] [           main] com.zaxxer.hikari.HikariDataSource       : HikariPool-1 - Start completed.
2024-11-26T07:28:48.665-03:00  WARN 18868 --- [AppSteam] [           main] org.hibernate.orm.deprecation            : HHH90000025: MySQLDialect does not need to be specified explicitly using 'hibernate.dialect' (remove the property setting and it will be selected by default)
2024-11-26T07:28:49.575-03:00  INFO 18868 --- [AppSteam] [           main] o.h.e.t.j.p.i.JtaPlatformInitiator       : HHH000489: No JTA platform available (set 'hibernate.transaction.jta.platform' to enable JTA platform integration)
Hibernate: create table age_range (id bigint not null auto_increment, age_range varchar(255), primary key (id)) engine=InnoDB
Hibernate: create table developer (id bigint not null auto_increment, name varchar(255), nationality varchar(255), primary key (id)) engine=InnoDB
Hibernate: create table game (id bigint not null auto_increment, image varchar(255), name varchar(255), release_date date, id_age_range bigint, id_developer bigint, id_genre bigint, primary key (id)) engine=InnoDB
Hibernate: create table genre (id bigint not null auto_increment, name varchar(255), primary key (id)) engine=InnoDB
Hibernate: create table user (id bigint not null auto_increment, active bit not null, name varchar(255), password varchar(255), username varchar(255), role_id bigint, primary key (id)) engine=InnoDB
Hibernate: create table user_role (id bigint not null auto_increment, code varchar(255), name varchar(255), primary key (id)) engine=InnoDB
Hibernate: alter table user drop index UKqleu8ddawkdltal07p8e6hgva
Hibernate: alter table user add constraint UKqleu8ddawkdltal07p8e6hgva unique (role_id)
Hibernate: alter table game add constraint FKhgvemug4hcrnespj5ru476mh4 foreign key (id_age_range) references age_range (id)
Hibernate: alter table game add constraint FKcdlxbnlm1mep5u7l5avaun4qe foreign key (id_developer) references developer (id)
Hibernate: alter table game add constraint FKb0b08j92jk2g4g6je297hjmu0 foreign key (id_genre) references genre (id)
Hibernate: alter table user add constraint FKn4pb12f3y8ktduy8fnc2xlln1 foreign key (role_id) references user_role (id)
2024-11-26T07:28:50.047-03:00  INFO 18868 --- [AppSteam] [           main] j.LocalContainerEntityManagerFactoryBean : Initialized JPA EntityManagerFactory for persistence unit 'default'
2024-11-26T07:28:50.750-03:00  WARN 18868 --- [AppSteam] [           main] JpaBaseConfiguration$JpaWebConfiguration : spring.jpa.open-in-view is enabled by default. Therefore, database queries may be performed during view rendering. Explicitly configure spring.jpa.open-in-view to disable this warning
2024-11-26T07:28:50.813-03:00  INFO 18868 --- [AppSteam] [           main] eAuthenticationProviderManagerConfigurer : Global AuthenticationManager configured with AuthenticationProvider bean with name authenticationProvider
2024-11-26T07:28:50.813-03:00  WARN 18868 --- [AppSteam] [           main] r$InitializeUserDetailsManagerConfigurer : Global AuthenticationManager configured with an AuthenticationProvider bean. UserDetailsService beans will not be used for username/password login. Consider removing the AuthenticationProvider bean. Alternatively, consider using the UserDetailsService in a manually instantiated DaoAuthenticationProvider.
2024-11-26T07:28:50.995-03:00  WARN 18868 --- [AppSteam] [           main] s.w.s.m.m.a.RequestMappingHandlerMapping : Multiple @RequestMapping annotations found on public org.springframework.web.servlet.ModelAndView com.guaranius.pooii.jpa.controller.AgeRangeController.update(long), but only the first will be used: [@org.springframework.web.bind.annotation.RequestMapping(consumes={}, headers={}, method={}, name="", params={}, path={"/{id}"}, produces={}, value={"/{id}"}), @org.springframework.web.bind.annotation.GetMapping(consumes={}, headers={}, name="", params={}, path={}, produces={}, value={})]
2024-11-26T07:28:51.012-03:00  WARN 18868 --- [AppSteam] [           main] s.w.s.m.m.a.RequestMappingHandlerMapping : Multiple @RequestMapping annotations found on public org.springframework.web.servlet.ModelAndView com.guaranius.pooii.jpa.controller.AgeRangeController.insert(com.guaranius.pooii.jpa.entity.AgeRange), but only the first will be used: [@org.springframework.web.bind.annotation.RequestMapping(consumes={}, headers={}, method={}, name="", params={}, path={"/save"}, produces={}, value={"/save"}), @org.springframework.web.bind.annotation.PostMapping(consumes={}, headers={}, name="", params={}, path={}, produces={}, value={})]
2024-11-26T07:28:51.012-03:00  WARN 18868 --- [AppSteam] [           main] s.w.s.m.m.a.RequestMappingHandlerMapping : Multiple @RequestMapping annotations found on public org.springframework.web.servlet.ModelAndView com.guaranius.pooii.jpa.controller.AgeRangeController.add(), but only the first will be used: [@org.springframework.web.bind.annotation.RequestMapping(consumes={}, headers={}, method={}, name="", params={}, path={"/add"}, produces={}, value={"/add"}), @org.springframework.web.bind.annotation.GetMapping(consumes={}, headers={}, name="", params={}, path={}, produces={}, value={})]
2024-11-26T07:28:51.012-03:00  WARN 18868 --- [AppSteam] [           main] s.w.s.m.m.a.RequestMappingHandlerMapping : Multiple @RequestMapping annotations found on public org.springframework.web.servlet.ModelAndView com.guaranius.pooii.jpa.controller.AgeRangeController.delete(long), but only the first will be used: [@org.springframework.web.bind.annotation.RequestMapping(consumes={}, headers={}, method={}, name="", params={}, path={"/{id}/delete"}, produces={}, value={"/{id}/delete"}), @org.springframework.web.bind.annotation.GetMapping(consumes={}, headers={}, name="", params={}, path={}, produces={}, value={})]
2024-11-26T07:28:51.028-03:00  WARN 18868 --- [AppSteam] [           main] s.w.s.m.m.a.RequestMappingHandlerMapping : Multiple @RequestMapping annotations found on public org.springframework.web.servlet.ModelAndView com.guaranius.pooii.jpa.controller.DeveloperController.update(long), but only the first will be used: [@org.springframework.web.bind.annotation.RequestMapping(consumes={}, headers={}, method={}, name="", params={}, path={"/{id}"}, produces={}, value={"/{id}"}), @org.springframework.web.bind.annotation.GetMapping(consumes={}, headers={}, name="", params={}, path={}, produces={}, value={})]
2024-11-26T07:28:51.028-03:00  WARN 18868 --- [AppSteam] [           main] s.w.s.m.m.a.RequestMappingHandlerMapping : Multiple @RequestMapping annotations found on public org.springframework.web.servlet.ModelAndView com.guaranius.pooii.jpa.controller.DeveloperController.insert(com.guaranius.pooii.jpa.entity.Developer), but only the first will be used: [@org.springframework.web.bind.annotation.RequestMapping(consumes={}, headers={}, method={}, name="", params={}, path={"/save"}, produces={}, value={"/save"}), @org.springframework.web.bind.annotation.PostMapping(consumes={}, headers={}, name="", params={}, path={}, produces={}, value={})]
2024-11-26T07:28:51.028-03:00  WARN 18868 --- [AppSteam] [           main] s.w.s.m.m.a.RequestMappingHandlerMapping : Multiple @RequestMapping annotations found on public org.springframework.web.servlet.ModelAndView com.guaranius.pooii.jpa.controller.DeveloperController.add(), but only the first will be used: [@org.springframework.web.bind.annotation.RequestMapping(consumes={}, headers={}, method={}, name="", params={}, path={"/add"}, produces={}, value={"/add"}), @org.springframework.web.bind.annotation.GetMapping(consumes={}, headers={}, name="", params={}, path={}, produces={}, value={})]
2024-11-26T07:28:51.028-03:00  WARN 18868 --- [AppSteam] [           main] s.w.s.m.m.a.RequestMappingHandlerMapping : Multiple @RequestMapping annotations found on public org.springframework.web.servlet.ModelAndView com.guaranius.pooii.jpa.controller.DeveloperController.delete(long), but only the first will be used: [@org.springframework.web.bind.annotation.RequestMapping(consumes={}, headers={}, method={}, name="", params={}, path={"/{id}/delete"}, produces={}, value={"/{id}/delete"}), @org.springframework.web.bind.annotation.GetMapping(consumes={}, headers={}, name="", params={}, path={}, produces={}, value={})]
2024-11-26T07:28:51.028-03:00  WARN 18868 --- [AppSteam] [           main] s.w.s.m.m.a.RequestMappingHandlerMapping : Multiple @RequestMapping annotations found on public org.springframework.web.servlet.ModelAndView com.guaranius.pooii.jpa.controller.GameController.update(long), but only the first will be used: [@org.springframework.web.bind.annotation.RequestMapping(consumes={}, headers={}, method={}, name="", params={}, path={"/{id}"}, produces={}, value={"/{id}"}), @org.springframework.web.bind.annotation.GetMapping(consumes={}, headers={}, name="", params={}, path={}, produces={}, value={})]
2024-11-26T07:28:51.028-03:00  WARN 18868 --- [AppSteam] [           main] s.w.s.m.m.a.RequestMappingHandlerMapping : Multiple @RequestMapping annotations found on public org.springframework.web.servlet.ModelAndView com.guaranius.pooii.jpa.controller.GameController.insert(com.guaranius.pooii.jpa.entity.Game), but only the first will be used: [@org.springframework.web.bind.annotation.RequestMapping(consumes={}, headers={}, method={}, name="", params={}, path={"/save"}, produces={}, value={"/save"}), @org.springframework.web.bind.annotation.PostMapping(consumes={}, headers={}, name="", params={}, path={}, produces={}, value={})]
2024-11-26T07:28:51.028-03:00  WARN 18868 --- [AppSteam] [           main] s.w.s.m.m.a.RequestMappingHandlerMapping : Multiple @RequestMapping annotations found on public org.springframework.web.servlet.ModelAndView com.guaranius.pooii.jpa.controller.GameController.add(), but only the first will be used: [@org.springframework.web.bind.annotation.RequestMapping(consumes={}, headers={}, method={}, name="", params={}, path={"/add"}, produces={}, value={"/add"}), @org.springframework.web.bind.annotation.GetMapping(consumes={}, headers={}, name="", params={}, path={}, produces={}, value={})]
2024-11-26T07:28:51.028-03:00  WARN 18868 --- [AppSteam] [           main] s.w.s.m.m.a.RequestMappingHandlerMapping : Multiple @RequestMapping annotations found on public org.springframework.web.servlet.ModelAndView com.guaranius.pooii.jpa.controller.GameController.delete(long), but only the first will be used: [@org.springframework.web.bind.annotation.RequestMapping(consumes={}, headers={}, method={}, name="", params={}, path={"/{id}/delete"}, produces={}, value={"/{id}/delete"}), @org.springframework.web.bind.annotation.GetMapping(consumes={}, headers={}, name="", params={}, path={}, produces={}, value={})]
2024-11-26T07:28:51.028-03:00  WARN 18868 --- [AppSteam] [           main] s.w.s.m.m.a.RequestMappingHandlerMapping : Multiple @RequestMapping annotations found on public org.springframework.web.servlet.ModelAndView com.guaranius.pooii.jpa.controller.GenreController.update(long), but only the first will be used: [@org.springframework.web.bind.annotation.RequestMapping(consumes={}, headers={}, method={}, name="", params={}, path={"/{id}"}, produces={}, value={"/{id}"}), @org.springframework.web.bind.annotation.GetMapping(consumes={}, headers={}, name="", params={}, path={}, produces={}, value={})]
2024-11-26T07:28:51.028-03:00  WARN 18868 --- [AppSteam] [           main] s.w.s.m.m.a.RequestMappingHandlerMapping : Multiple @RequestMapping annotations found on public org.springframework.web.servlet.ModelAndView com.guaranius.pooii.jpa.controller.GenreController.insert(com.guaranius.pooii.jpa.entity.Genre), but only the first will be used: [@org.springframework.web.bind.annotation.RequestMapping(consumes={}, headers={}, method={}, name="", params={}, path={"/save"}, produces={}, value={"/save"}), @org.springframework.web.bind.annotation.PostMapping(consumes={}, headers={}, name="", params={}, path={}, produces={}, value={})]
2024-11-26T07:28:51.028-03:00  WARN 18868 --- [AppSteam] [           main] s.w.s.m.m.a.RequestMappingHandlerMapping : Multiple @RequestMapping annotations found on public org.springframework.web.servlet.ModelAndView com.guaranius.pooii.jpa.controller.GenreController.add(), but only the first will be used: [@org.springframework.web.bind.annotation.RequestMapping(consumes={}, headers={}, method={}, name="", params={}, path={"/add"}, produces={}, value={"/add"}), @org.springframework.web.bind.annotation.GetMapping(consumes={}, headers={}, name="", params={}, path={}, produces={}, value={})]
2024-11-26T07:28:51.028-03:00  WARN 18868 --- [AppSteam] [           main] s.w.s.m.m.a.RequestMappingHandlerMapping : Multiple @RequestMapping annotations found on public org.springframework.web.servlet.ModelAndView com.guaranius.pooii.jpa.controller.GenreController.delete(long), but only the first will be used: [@org.springframework.web.bind.annotation.RequestMapping(consumes={}, headers={}, method={}, name="", params={}, path={"/{id}/delete"}, produces={}, value={"/{id}/delete"}), @org.springframework.web.bind.annotation.GetMapping(consumes={}, headers={}, name="", params={}, path={}, produces={}, value={})]
2024-11-26T07:28:51.028-03:00  WARN 18868 --- [AppSteam] [           main] s.w.s.m.m.a.RequestMappingHandlerMapping : Multiple @RequestMapping annotations found on public org.springframework.web.servlet.ModelAndView com.guaranius.pooii.jpa.controller.UserController.update(long), but only the first will be used: [@org.springframework.web.bind.annotation.RequestMapping(consumes={}, headers={}, method={}, name="", params={}, path={"/{id}"}, produces={}, value={"/{id}"}), @org.springframework.web.bind.annotation.GetMapping(consumes={}, headers={}, name="", params={}, path={}, produces={}, value={})]
2024-11-26T07:28:51.028-03:00  WARN 18868 --- [AppSteam] [           main] s.w.s.m.m.a.RequestMappingHandlerMapping : Multiple @RequestMapping annotations found on public org.springframework.web.servlet.ModelAndView com.guaranius.pooii.jpa.controller.UserController.insert(com.guaranius.pooii.jpa.entity.User), but only the first will be used: [@org.springframework.web.bind.annotation.RequestMapping(consumes={}, headers={}, method={}, name="", params={}, path={"/save"}, produces={}, value={"/save"}), @org.springframework.web.bind.annotation.PostMapping(consumes={}, headers={}, name="", params={}, path={}, produces={}, value={})]
2024-11-26T07:28:51.028-03:00  WARN 18868 --- [AppSteam] [           main] s.w.s.m.m.a.RequestMappingHandlerMapping : Multiple @RequestMapping annotations found on public org.springframework.web.servlet.ModelAndView com.guaranius.pooii.jpa.controller.UserController.add(), but only the first will be used: [@org.springframework.web.bind.annotation.RequestMapping(consumes={}, headers={}, method={}, name="", params={}, path={"/add"}, produces={}, value={"/add"}), @org.springframework.web.bind.annotation.GetMapping(consumes={}, headers={}, name="", params={}, path={}, produces={}, value={})]
2024-11-26T07:28:51.028-03:00  WARN 18868 --- [AppSteam] [           main] s.w.s.m.m.a.RequestMappingHandlerMapping : Multiple @RequestMapping annotations found on public org.springframework.web.servlet.ModelAndView com.guaranius.pooii.jpa.controller.UserController.delete(long), but only the first will be used: [@org.springframework.web.bind.annotation.RequestMapping(consumes={}, headers={}, method={}, name="", params={}, path={"/{id}/delete"}, produces={}, value={"/{id}/delete"}), @org.springframework.web.bind.annotation.GetMapping(consumes={}, headers={}, name="", params={}, path={}, produces={}, value={})]
2024-11-26T07:28:51.309-03:00  WARN 18868 --- [AppSteam] [           main] o.s.s.c.a.web.builders.WebSecurity       : You are asking Spring Security to ignore Deferred [Mvc [pattern='/css/**'], Ant [pattern='/css/**']]. This is not recommended -- please use permitAll via HttpSecurity#authorizeHttpRequests instead.
2024-11-26T07:28:51.309-03:00  WARN 18868 --- [AppSteam] [           main] o.s.s.c.a.web.builders.WebSecurity       : You are asking Spring Security to ignore Deferred [Mvc [pattern='/js/**'], Ant [pattern='/js/**']]. This is not recommended -- please use permitAll via HttpSecurity#authorizeHttpRequests instead.
2024-11-26T07:28:51.309-03:00  WARN 18868 --- [AppSteam] [           main] o.s.s.c.a.web.builders.WebSecurity       : You are asking Spring Security to ignore Deferred [Mvc [pattern='/img/**'], Ant [pattern='/img/**']]. This is not recommended -- please use permitAll via HttpSecurity#authorizeHttpRequests instead.
2024-11-26T07:28:51.309-03:00  WARN 18868 --- [AppSteam] [           main] o.s.s.c.a.web.builders.WebSecurity       : You are asking Spring Security to ignore Deferred [Mvc [pattern='/lib/**'], Ant [pattern='/lib/**']]. This is not recommended -- please use permitAll via HttpSecurity#authorizeHttpRequests instead.
2024-11-26T07:28:51.309-03:00  WARN 18868 --- [AppSteam] [           main] o.s.s.c.a.web.builders.WebSecurity       : You are asking Spring Security to ignore Deferred [Mvc [pattern='/favicon.ico'], Ant [pattern='/favicon.ico']]. This is not recommended -- please use permitAll via HttpSecurity#authorizeHttpRequests instead.
Hibernate: select ur1_0.id,ur1_0.code,ur1_0.name from user_role ur1_0
Hibernate: insert into user_role (code,name) values (?,?)
Hibernate: insert into user_role (code,name) values (?,?)
Hibernate: insert into user_role (code,name) values (?,?)
Hibernate: select u1_0.id,u1_0.active,u1_0.name,u1_0.password,u1_0.role_id,u1_0.username from user u1_0
Hibernate: select ur1_0.id,ur1_0.code,ur1_0.name from user_role ur1_0
Hibernate: insert into user (active,name,password,role_id,username) values (?,?,?,?,?)
Hibernate: select ur1_0.id,ur1_0.code,ur1_0.name from user_role ur1_0
Hibernate: insert into user (active,name,password,role_id,username) values (?,?,?,?,?)
Hibernate: select ur1_0.id,ur1_0.code,ur1_0.name from user_role ur1_0
Hibernate: insert into user (active,name,password,role_id,username) values (?,?,?,?,?)
2024-11-26T07:28:52.246-03:00  INFO 18868 --- [AppSteam] [           main] c.g.pooii.jpa.SteamAppApplicationTests   : Started SteamAppApplicationTests in 6.766 seconds (process running for 7.791)
]]></system-out>
    <system-err><![CDATA[WARNING: A Java agent has been loaded dynamically (C:\Users\Gustavo Antonius\.m2\repository\net\bytebuddy\byte-buddy-agent\1.14.19\byte-buddy-agent-1.14.19.jar)
WARNING: If a serviceability tool is in use, please run with -XX:+EnableDynamicAgentLoading to hide this warning
WARNING: If a serviceability tool is not in use, please run with -Djdk.instrument.traceUsage for more information
WARNING: Dynamic loading of agents will be disallowed by default in a future release
]]></system-err>
  </testcase>
</testsuite>